0 info it worked if it ends with ok
1 verbose cli [ '/usr/bin/nodejs',
1 verbose cli   '/usr/bin/npm',
1 verbose cli   'install',
1 verbose cli   'mysql-libmysqlclient' ]
2 info using npm@3.5.2
3 info using node@v4.2.6
4 silly loadCurrentTree Starting
5 silly install loadCurrentTree
6 silly install readLocalPackageData
7 silly fetchPackageMetaData mysql-libmysqlclient
8 silly fetchNamedPackageData mysql-libmysqlclient
9 silly mapToRegistry name mysql-libmysqlclient
10 silly mapToRegistry using default registry
11 silly mapToRegistry registry https://registry.npmjs.org/
12 silly mapToRegistry uri https://registry.npmjs.org/mysql-libmysqlclient
13 verbose request uri https://registry.npmjs.org/mysql-libmysqlclient
14 verbose request no auth needed
15 info attempt registry request try #1 at 17:15:59
16 verbose request id 97665ba8d7590d0d
17 verbose etag "BIM84Q02545NPUPIB3ZK0BZQ7"
18 http request GET https://registry.npmjs.org/mysql-libmysqlclient
19 http 304 https://registry.npmjs.org/mysql-libmysqlclient
20 verbose headers { date: 'Wed, 01 Jun 2016 13:15:59 GMT',
20 verbose headers   via: '1.1 varnish',
20 verbose headers   'cache-control': 'max-age=300',
20 verbose headers   etag: '"BIM84Q02545NPUPIB3ZK0BZQ7"',
20 verbose headers   age: '0',
20 verbose headers   connection: 'keep-alive',
20 verbose headers   'x-served-by': 'cache-fra1242-FRA',
20 verbose headers   'x-cache': 'HIT',
20 verbose headers   'x-cache-hits': '1',
20 verbose headers   'x-timer': 'S1464786959.930394,VS0,VE187',
20 verbose headers   vary: 'Accept-Encoding' }
21 silly get cb [ 304,
21 silly get   { date: 'Wed, 01 Jun 2016 13:15:59 GMT',
21 silly get     via: '1.1 varnish',
21 silly get     'cache-control': 'max-age=300',
21 silly get     etag: '"BIM84Q02545NPUPIB3ZK0BZQ7"',
21 silly get     age: '0',
21 silly get     connection: 'keep-alive',
21 silly get     'x-served-by': 'cache-fra1242-FRA',
21 silly get     'x-cache': 'HIT',
21 silly get     'x-cache-hits': '1',
21 silly get     'x-timer': 'S1464786959.930394,VS0,VE187',
21 silly get     vary: 'Accept-Encoding' } ]
22 verbose etag https://registry.npmjs.org/mysql-libmysqlclient from cache
23 verbose get saving mysql-libmysqlclient to /home/de7aster/.npm/registry.npmjs.org/mysql-libmysqlclient/.cache.json
24 silly install normalizeTree
25 silly loadCurrentTree Finishing
26 silly loadIdealTree Starting
27 silly install loadIdealTree
28 silly cloneCurrentTree Starting
29 silly install cloneCurrentTreeToIdealTree
30 silly cloneCurrentTree Finishing
31 silly loadShrinkwrap Starting
32 silly install loadShrinkwrap
33 silly loadShrinkwrap Finishing
34 silly loadAllDepsIntoIdealTree Starting
35 silly install loadAllDepsIntoIdealTree
36 silly resolveWithNewModule mysql-libmysqlclient@1.6.0 checking installable status
37 silly cache add args [ 'mysql-libmysqlclient', null ]
38 verbose cache add spec mysql-libmysqlclient
39 silly cache add parsed spec Result {
39 silly cache add   raw: 'mysql-libmysqlclient',
39 silly cache add   scope: null,
39 silly cache add   name: 'mysql-libmysqlclient',
39 silly cache add   rawSpec: '',
39 silly cache add   spec: 'latest',
39 silly cache add   type: 'tag' }
40 silly addNamed mysql-libmysqlclient@latest
41 verbose addNamed "latest" is being treated as a dist-tag for mysql-libmysqlclient
42 info addNameTag [ 'mysql-libmysqlclient', 'latest' ]
43 silly mapToRegistry name mysql-libmysqlclient
44 silly mapToRegistry using default registry
45 silly mapToRegistry registry https://registry.npmjs.org/
46 silly mapToRegistry uri https://registry.npmjs.org/mysql-libmysqlclient
47 verbose addNameTag registry:https://registry.npmjs.org/mysql-libmysqlclient not in flight; fetching
48 verbose get https://registry.npmjs.org/mysql-libmysqlclient not expired, no request
49 silly addNameTag next cb for mysql-libmysqlclient with tag latest
50 silly addNamed mysql-libmysqlclient@1.6.0
51 verbose addNamed "1.6.0" is a plain semver version for mysql-libmysqlclient
52 silly cache afterAdd mysql-libmysqlclient@1.6.0
53 verbose afterAdd /home/de7aster/.npm/mysql-libmysqlclient/1.6.0/package/package.json not in flight; writing
54 verbose afterAdd /home/de7aster/.npm/mysql-libmysqlclient/1.6.0/package/package.json written
55 silly fetchNamedPackageData nan
56 silly mapToRegistry name nan
57 silly mapToRegistry using default registry
58 silly mapToRegistry registry https://registry.npmjs.org/
59 silly mapToRegistry uri https://registry.npmjs.org/nan
60 verbose request uri https://registry.npmjs.org/nan
61 verbose request no auth needed
62 info attempt registry request try #1 at 17:16:00
63 verbose etag "12RFHNMU7CS3WJ1892HQLM0NB"
64 http request GET https://registry.npmjs.org/nan
65 http 304 https://registry.npmjs.org/nan
66 verbose headers { date: 'Wed, 01 Jun 2016 13:16:00 GMT',
66 verbose headers   via: '1.1 varnish',
66 verbose headers   'cache-control': 'max-age=300',
66 verbose headers   etag: '"12RFHNMU7CS3WJ1892HQLM0NB"',
66 verbose headers   age: '224',
66 verbose headers   connection: 'keep-alive',
66 verbose headers   'x-served-by': 'cache-fra1244-FRA',
66 verbose headers   'x-cache': 'HIT',
66 verbose headers   'x-cache-hits': '12',
66 verbose headers   'x-timer': 'S1464786960.663688,VS0,VE0',
66 verbose headers   vary: 'Accept-Encoding' }
67 silly get cb [ 304,
67 silly get   { date: 'Wed, 01 Jun 2016 13:16:00 GMT',
67 silly get     via: '1.1 varnish',
67 silly get     'cache-control': 'max-age=300',
67 silly get     etag: '"12RFHNMU7CS3WJ1892HQLM0NB"',
67 silly get     age: '224',
67 silly get     connection: 'keep-alive',
67 silly get     'x-served-by': 'cache-fra1244-FRA',
67 silly get     'x-cache': 'HIT',
67 silly get     'x-cache-hits': '12',
67 silly get     'x-timer': 'S1464786960.663688,VS0,VE0',
67 silly get     vary: 'Accept-Encoding' } ]
68 verbose etag https://registry.npmjs.org/nan from cache
69 verbose get saving nan to /home/de7aster/.npm/registry.npmjs.org/nan/.cache.json
70 silly resolveWithNewModule nan@0.8.0 checking installable status
71 silly cache add args [ 'nan@~0.8.0', null ]
72 verbose cache add spec nan@~0.8.0
73 silly cache add parsed spec Result {
73 silly cache add   raw: 'nan@~0.8.0',
73 silly cache add   scope: null,
73 silly cache add   name: 'nan',
73 silly cache add   rawSpec: '~0.8.0',
73 silly cache add   spec: '>=0.8.0 <0.9.0',
73 silly cache add   type: 'range' }
74 silly addNamed nan@>=0.8.0 <0.9.0
75 verbose addNamed ">=0.8.0 <0.9.0" is a valid semver range for nan
76 silly addNameRange { name: 'nan', range: '>=0.8.0 <0.9.0', hasData: false }
77 silly mapToRegistry name nan
78 silly mapToRegistry using default registry
79 silly mapToRegistry registry https://registry.npmjs.org/
80 silly mapToRegistry uri https://registry.npmjs.org/nan
81 verbose addNameRange registry:https://registry.npmjs.org/nan not in flight; fetching
82 verbose get https://registry.npmjs.org/nan not expired, no request
83 silly addNameRange number 2 { name: 'nan', range: '>=0.8.0 <0.9.0', hasData: true }
84 silly addNameRange versions [ 'nan',
84 silly addNameRange   [ '0.3.0-wip',
84 silly addNameRange     '0.3.0-wip2',
84 silly addNameRange     '0.3.0',
84 silly addNameRange     '0.3.1',
84 silly addNameRange     '0.3.2',
84 silly addNameRange     '0.4.0',
84 silly addNameRange     '0.4.1',
84 silly addNameRange     '0.4.2',
84 silly addNameRange     '0.4.3',
84 silly addNameRange     '0.4.4',
84 silly addNameRange     '0.5.0',
84 silly addNameRange     '0.5.1',
84 silly addNameRange     '0.5.2',
84 silly addNameRange     '0.6.0',
84 silly addNameRange     '0.7.0',
84 silly addNameRange     '0.7.1',
84 silly addNameRange     '0.8.0',
84 silly addNameRange     '1.0.0',
84 silly addNameRange     '1.1.0',
84 silly addNameRange     '1.1.1',
84 silly addNameRange     '1.1.2',
84 silly addNameRange     '1.2.0',
84 silly addNameRange     '1.3.0',
84 silly addNameRange     '1.4.0',
84 silly addNameRange     '1.4.1',
84 silly addNameRange     '1.5.0',
84 silly addNameRange     '1.4.2',
84 silly addNameRange     '1.4.3',
84 silly addNameRange     '1.5.1',
84 silly addNameRange     '1.5.2',
84 silly addNameRange     '1.6.0',
84 silly addNameRange     '1.5.3',
84 silly addNameRange     '1.6.1',
84 silly addNameRange     '1.6.2',
84 silly addNameRange     '1.7.0',
84 silly addNameRange     '1.8.0',
84 silly addNameRange     '1.8.1',
84 silly addNameRange     '1.8.2',
84 silly addNameRange     '1.8.3',
84 silly addNameRange     '1.8.4',
84 silly addNameRange     '1.9.0',
84 silly addNameRange     '2.0.0',
84 silly addNameRange     '2.0.1',
84 silly addNameRange     '2.0.2',
84 silly addNameRange     '2.0.3',
84 silly addNameRange     '2.0.4',
84 silly addNameRange     '2.0.5',
84 silly addNameRange     '2.0.6',
84 silly addNameRange     '2.0.7',
84 silly addNameRange     '2.0.8',
84 silly addNameRange     '2.0.9',
84 silly addNameRange     '2.1.0',
84 silly addNameRange     '2.2.0',
84 silly addNameRange     '2.2.1',
84 silly addNameRange     '2.3.0',
84 silly addNameRange     '2.3.1',
84 silly addNameRange     '2.3.2',
84 silly addNameRange     '2.3.3',
84 silly addNameRange     '2.3.4',
84 silly addNameRange     '2.3.5' ] ]
85 silly addNamed nan@0.8.0
86 verbose addNamed "0.8.0" is a plain semver version for nan
87 silly cache afterAdd nan@0.8.0
88 verbose afterAdd /home/de7aster/.npm/nan/0.8.0/package/package.json not in flight; writing
89 verbose afterAdd /home/de7aster/.npm/nan/0.8.0/package/package.json written
90 silly loadAllDepsIntoIdealTree Finishing
91 silly idealTree:prePrune chat
91 silly idealTree:prePrune ├── abbrev@1.0.7
91 silly idealTree:prePrune ├── ansi-regex@2.0.0
91 silly idealTree:prePrune ├── ansi-styles@2.2.1
91 silly idealTree:prePrune ├── ansi@0.3.1
91 silly idealTree:prePrune ├── are-we-there-yet@1.1.2
91 silly idealTree:prePrune ├── array-index@1.0.0
91 silly idealTree:prePrune ├── asn1@0.2.3
91 silly idealTree:prePrune ├── assert-plus@0.2.0
91 silly idealTree:prePrune ├── async@1.5.2
91 silly idealTree:prePrune ├── aws-sign2@0.6.0
91 silly idealTree:prePrune ├── aws4@1.4.1
91 silly idealTree:prePrune ├── balanced-match@0.4.1
91 silly idealTree:prePrune ├── bcrypt@0.8.6
91 silly idealTree:prePrune ├── bignumber.js@2.1.4
91 silly idealTree:prePrune ├── bindings@1.2.1
91 silly idealTree:prePrune ├─┬ bl@1.1.2
91 silly idealTree:prePrune │ ├── isarray@1.0.0
91 silly idealTree:prePrune │ └── readable-stream@2.0.6
91 silly idealTree:prePrune ├── block-stream@0.0.9
91 silly idealTree:prePrune ├── boom@2.10.1
91 silly idealTree:prePrune ├── brace-expansion@1.1.4
91 silly idealTree:prePrune ├── caseless@0.11.0
91 silly idealTree:prePrune ├── chalk@1.1.3
91 silly idealTree:prePrune ├── combined-stream@1.0.5
91 silly idealTree:prePrune ├── commander@2.9.0
91 silly idealTree:prePrune ├── concat-map@0.0.1
91 silly idealTree:prePrune ├── core-util-is@1.0.2
91 silly idealTree:prePrune ├── cryptiles@2.0.5
91 silly idealTree:prePrune ├── d@0.1.1
91 silly idealTree:prePrune ├─┬ dashdash@1.13.1
91 silly idealTree:prePrune │ └── assert-plus@1.0.0
91 silly idealTree:prePrune ├── debug@2.2.0
91 silly idealTree:prePrune ├── delayed-stream@1.0.0
91 silly idealTree:prePrune ├── delegates@1.0.0
91 silly idealTree:prePrune ├── ecc-jsbn@0.1.1
91 silly idealTree:prePrune ├── es5-ext@0.10.11
91 silly idealTree:prePrune ├── es6-iterator@2.0.0
91 silly idealTree:prePrune ├── es6-symbol@3.0.2
91 silly idealTree:prePrune ├── escape-string-regexp@1.0.5
91 silly idealTree:prePrune ├── extend@3.0.0
91 silly idealTree:prePrune ├── extsprintf@1.0.2
91 silly idealTree:prePrune ├── forever-agent@0.6.1
91 silly idealTree:prePrune ├── form-data@1.0.0-rc4
91 silly idealTree:prePrune ├── fstream@1.0.9
91 silly idealTree:prePrune ├── gauge@1.2.7
91 silly idealTree:prePrune ├── generate-function@2.0.0
91 silly idealTree:prePrune ├── generate-object-property@1.2.0
91 silly idealTree:prePrune ├─┬ getpass@0.1.6
91 silly idealTree:prePrune │ └── assert-plus@1.0.0
91 silly idealTree:prePrune ├─┬ glob@4.5.3
91 silly idealTree:prePrune │ └── minimatch@2.0.10
91 silly idealTree:prePrune ├── graceful-fs@4.1.4
91 silly idealTree:prePrune ├── graceful-readlink@1.0.1
91 silly idealTree:prePrune ├── har-validator@2.0.6
91 silly idealTree:prePrune ├── has-ansi@2.0.0
91 silly idealTree:prePrune ├── has-unicode@2.0.0
91 silly idealTree:prePrune ├── hawk@3.1.3
91 silly idealTree:prePrune ├── hoek@2.16.3
91 silly idealTree:prePrune ├── http-signature@1.1.1
91 silly idealTree:prePrune ├── inflight@1.0.5
91 silly idealTree:prePrune ├── inherits@2.0.1
91 silly idealTree:prePrune ├── is-my-json-valid@2.13.1
91 silly idealTree:prePrune ├── is-property@1.0.2
91 silly idealTree:prePrune ├── is-typedarray@1.0.0
91 silly idealTree:prePrune ├── isarray@0.0.1
91 silly idealTree:prePrune ├── isexe@1.1.2
91 silly idealTree:prePrune ├── isstream@0.1.2
91 silly idealTree:prePrune ├── jodid25519@1.0.2
91 silly idealTree:prePrune ├── jsbn@0.1.0
91 silly idealTree:prePrune ├── json-schema@0.2.2
91 silly idealTree:prePrune ├── json-stringify-safe@5.0.1
91 silly idealTree:prePrune ├── jsonpointer@2.0.0
91 silly idealTree:prePrune ├── jsprim@1.2.2
91 silly idealTree:prePrune ├── lodash._baseslice@4.0.0
91 silly idealTree:prePrune ├── lodash._basetostring@4.12.0
91 silly idealTree:prePrune ├── lodash.pad@4.4.0
91 silly idealTree:prePrune ├── lodash.padend@4.5.0
91 silly idealTree:prePrune ├── lodash.padstart@4.5.0
91 silly idealTree:prePrune ├── lodash.tostring@4.1.3
91 silly idealTree:prePrune ├── lru-cache@2.7.3
91 silly idealTree:prePrune ├── mime-db@1.23.0
91 silly idealTree:prePrune ├── mime-types@2.1.11
91 silly idealTree:prePrune ├── minimatch@1.0.0
91 silly idealTree:prePrune ├── minimist@0.0.8
91 silly idealTree:prePrune ├── mkdirp@0.5.1
91 silly idealTree:prePrune ├── ms@0.7.1
91 silly idealTree:prePrune ├─┬ mysql-libmysqlclient@1.6.0
91 silly idealTree:prePrune │ └── nan@0.8.0
91 silly idealTree:prePrune ├── mysql@2.10.2
91 silly idealTree:prePrune ├── nan@2.2.1
91 silly idealTree:prePrune ├── node-gyp@3.3.1
91 silly idealTree:prePrune ├─┬ node-static@0.7.7
91 silly idealTree:prePrune │ ├── colors@1.1.2
91 silly idealTree:prePrune │ ├── mime@1.3.4
91 silly idealTree:prePrune │ └─┬ optimist@0.6.1
91 silly idealTree:prePrune │   ├── minimist@0.0.10
91 silly idealTree:prePrune │   └── wordwrap@0.0.3
91 silly idealTree:prePrune ├── node-uuid@1.4.7
91 silly idealTree:prePrune ├── node@0.0.0
91 silly idealTree:prePrune ├── nopt@3.0.6
91 silly idealTree:prePrune ├── npmlog@2.0.4
91 silly idealTree:prePrune ├── oauth-sign@0.8.2
91 silly idealTree:prePrune ├── once@1.3.3
91 silly idealTree:prePrune ├── optimist@0.3.7
91 silly idealTree:prePrune ├── os-homedir@1.0.1
91 silly idealTree:prePrune ├── os-tmpdir@1.0.1
91 silly idealTree:prePrune ├── osenv@0.1.3
91 silly idealTree:prePrune ├── path-array@1.0.1
91 silly idealTree:prePrune ├── path-is-absolute@1.0.0
91 silly idealTree:prePrune ├── pinkie-promise@2.0.1
91 silly idealTree:prePrune ├── pinkie@2.0.4
91 silly idealTree:prePrune ├── process-nextick-args@1.0.7
91 silly idealTree:prePrune ├── qs@6.1.0
91 silly idealTree:prePrune ├── readable-stream@1.1.14
91 silly idealTree:prePrune ├── rebuild@0.1.2
91 silly idealTree:prePrune ├── request@2.72.0
91 silly idealTree:prePrune ├─┬ rimraf@2.5.2
91 silly idealTree:prePrune │ ├── glob@7.0.3
91 silly idealTree:prePrune │ └── minimatch@3.0.0
91 silly idealTree:prePrune ├── semver@5.1.0
91 silly idealTree:prePrune ├── sigmund@1.0.1
91 silly idealTree:prePrune ├── sntp@1.0.9
91 silly idealTree:prePrune ├─┬ sshpk@1.8.3
91 silly idealTree:prePrune │ └── assert-plus@1.0.0
91 silly idealTree:prePrune ├── string_decoder@0.10.31
91 silly idealTree:prePrune ├── stringstream@0.0.5
91 silly idealTree:prePrune ├── strip-ansi@3.0.1
91 silly idealTree:prePrune ├── supports-color@2.0.0
91 silly idealTree:prePrune ├── tar@2.2.1
91 silly idealTree:prePrune ├── tough-cookie@2.2.2
91 silly idealTree:prePrune ├── tunnel-agent@0.4.3
91 silly idealTree:prePrune ├── tweetnacl@0.13.3
91 silly idealTree:prePrune ├── util-deprecate@1.0.2
91 silly idealTree:prePrune ├── verror@1.3.6
91 silly idealTree:prePrune ├── which@1.2.9
91 silly idealTree:prePrune ├── wordwrap@0.0.3
91 silly idealTree:prePrune ├── wrappy@1.0.2
91 silly idealTree:prePrune ├─┬ ws@1.1.0
91 silly idealTree:prePrune │ ├── options@0.0.6
91 silly idealTree:prePrune │ └── ultron@1.0.2
91 silly idealTree:prePrune └── xtend@4.0.1
92 silly loadIdealTree Finishing
93 silly currentTree chat
93 silly currentTree ├── abbrev@1.0.7
93 silly currentTree ├── ansi-regex@2.0.0
93 silly currentTree ├── ansi-styles@2.2.1
93 silly currentTree ├── ansi@0.3.1
93 silly currentTree ├── are-we-there-yet@1.1.2
93 silly currentTree ├── array-index@1.0.0
93 silly currentTree ├── asn1@0.2.3
93 silly currentTree ├── assert-plus@0.2.0
93 silly currentTree ├── async@1.5.2
93 silly currentTree ├── aws-sign2@0.6.0
93 silly currentTree ├── aws4@1.4.1
93 silly currentTree ├── balanced-match@0.4.1
93 silly currentTree ├── bcrypt@0.8.6
93 silly currentTree ├── bignumber.js@2.1.4
93 silly currentTree ├── bindings@1.2.1
93 silly currentTree ├─┬ bl@1.1.2
93 silly currentTree │ ├── isarray@1.0.0
93 silly currentTree │ └── readable-stream@2.0.6
93 silly currentTree ├── block-stream@0.0.9
93 silly currentTree ├── boom@2.10.1
93 silly currentTree ├── brace-expansion@1.1.4
93 silly currentTree ├── caseless@0.11.0
93 silly currentTree ├── chalk@1.1.3
93 silly currentTree ├── combined-stream@1.0.5
93 silly currentTree ├── commander@2.9.0
93 silly currentTree ├── concat-map@0.0.1
93 silly currentTree ├── core-util-is@1.0.2
93 silly currentTree ├── cryptiles@2.0.5
93 silly currentTree ├── d@0.1.1
93 silly currentTree ├─┬ dashdash@1.13.1
93 silly currentTree │ └── assert-plus@1.0.0
93 silly currentTree ├── debug@2.2.0
93 silly currentTree ├── delayed-stream@1.0.0
93 silly currentTree ├── delegates@1.0.0
93 silly currentTree ├── ecc-jsbn@0.1.1
93 silly currentTree ├── es5-ext@0.10.11
93 silly currentTree ├── es6-iterator@2.0.0
93 silly currentTree ├── es6-symbol@3.0.2
93 silly currentTree ├── escape-string-regexp@1.0.5
93 silly currentTree ├── extend@3.0.0
93 silly currentTree ├── extsprintf@1.0.2
93 silly currentTree ├── forever-agent@0.6.1
93 silly currentTree ├── form-data@1.0.0-rc4
93 silly currentTree ├── fstream@1.0.9
93 silly currentTree ├── gauge@1.2.7
93 silly currentTree ├── generate-function@2.0.0
93 silly currentTree ├── generate-object-property@1.2.0
93 silly currentTree ├─┬ getpass@0.1.6
93 silly currentTree │ └── assert-plus@1.0.0
93 silly currentTree ├─┬ glob@4.5.3
93 silly currentTree │ └── minimatch@2.0.10
93 silly currentTree ├── graceful-fs@4.1.4
93 silly currentTree ├── graceful-readlink@1.0.1
93 silly currentTree ├── har-validator@2.0.6
93 silly currentTree ├── has-ansi@2.0.0
93 silly currentTree ├── has-unicode@2.0.0
93 silly currentTree ├── hawk@3.1.3
93 silly currentTree ├── hoek@2.16.3
93 silly currentTree ├── http-signature@1.1.1
93 silly currentTree ├── inflight@1.0.5
93 silly currentTree ├── inherits@2.0.1
93 silly currentTree ├── is-my-json-valid@2.13.1
93 silly currentTree ├── is-property@1.0.2
93 silly currentTree ├── is-typedarray@1.0.0
93 silly currentTree ├── isarray@0.0.1
93 silly currentTree ├── isexe@1.1.2
93 silly currentTree ├── isstream@0.1.2
93 silly currentTree ├── jodid25519@1.0.2
93 silly currentTree ├── jsbn@0.1.0
93 silly currentTree ├── json-schema@0.2.2
93 silly currentTree ├── json-stringify-safe@5.0.1
93 silly currentTree ├── jsonpointer@2.0.0
93 silly currentTree ├── jsprim@1.2.2
93 silly currentTree ├── lodash._baseslice@4.0.0
93 silly currentTree ├── lodash._basetostring@4.12.0
93 silly currentTree ├── lodash.pad@4.4.0
93 silly currentTree ├── lodash.padend@4.5.0
93 silly currentTree ├── lodash.padstart@4.5.0
93 silly currentTree ├── lodash.tostring@4.1.3
93 silly currentTree ├── lru-cache@2.7.3
93 silly currentTree ├── mime-db@1.23.0
93 silly currentTree ├── mime-types@2.1.11
93 silly currentTree ├── minimatch@1.0.0
93 silly currentTree ├── minimist@0.0.8
93 silly currentTree ├── mkdirp@0.5.1
93 silly currentTree ├── ms@0.7.1
93 silly currentTree ├── mysql@2.10.2
93 silly currentTree ├── nan@2.2.1
93 silly currentTree ├── node-gyp@3.3.1
93 silly currentTree ├─┬ node-static@0.7.7
93 silly currentTree │ ├── colors@1.1.2
93 silly currentTree │ ├── mime@1.3.4
93 silly currentTree │ └─┬ optimist@0.6.1
93 silly currentTree │   ├── minimist@0.0.10
93 silly currentTree │   └── wordwrap@0.0.3
93 silly currentTree ├── node-uuid@1.4.7
93 silly currentTree ├── node@0.0.0
93 silly currentTree ├── nopt@3.0.6
93 silly currentTree ├── npmlog@2.0.4
93 silly currentTree ├── oauth-sign@0.8.2
93 silly currentTree ├── once@1.3.3
93 silly currentTree ├── optimist@0.3.7
93 silly currentTree ├── os-homedir@1.0.1
93 silly currentTree ├── os-tmpdir@1.0.1
93 silly currentTree ├── osenv@0.1.3
93 silly currentTree ├── path-array@1.0.1
93 silly currentTree ├── path-is-absolute@1.0.0
93 silly currentTree ├── pinkie-promise@2.0.1
93 silly currentTree ├── pinkie@2.0.4
93 silly currentTree ├── process-nextick-args@1.0.7
93 silly currentTree ├── qs@6.1.0
93 silly currentTree ├── readable-stream@1.1.14
93 silly currentTree ├── rebuild@0.1.2
93 silly currentTree ├── request@2.72.0
93 silly currentTree ├─┬ rimraf@2.5.2
93 silly currentTree │ ├── glob@7.0.3
93 silly currentTree │ └── minimatch@3.0.0
93 silly currentTree ├── semver@5.1.0
93 silly currentTree ├── sigmund@1.0.1
93 silly currentTree ├── sntp@1.0.9
93 silly currentTree ├─┬ sshpk@1.8.3
93 silly currentTree │ └── assert-plus@1.0.0
93 silly currentTree ├── string_decoder@0.10.31
93 silly currentTree ├── stringstream@0.0.5
93 silly currentTree ├── strip-ansi@3.0.1
93 silly currentTree ├── supports-color@2.0.0
93 silly currentTree ├── tar@2.2.1
93 silly currentTree ├── tough-cookie@2.2.2
93 silly currentTree ├── tunnel-agent@0.4.3
93 silly currentTree ├── tweetnacl@0.13.3
93 silly currentTree ├── util-deprecate@1.0.2
93 silly currentTree ├── verror@1.3.6
93 silly currentTree ├── which@1.2.9
93 silly currentTree ├── wordwrap@0.0.3
93 silly currentTree ├── wrappy@1.0.2
93 silly currentTree ├─┬ ws@1.1.0
93 silly currentTree │ ├── options@0.0.6
93 silly currentTree │ └── ultron@1.0.2
93 silly currentTree └── xtend@4.0.1
94 silly idealTree chat
94 silly idealTree ├── abbrev@1.0.7
94 silly idealTree ├── ansi-regex@2.0.0
94 silly idealTree ├── ansi-styles@2.2.1
94 silly idealTree ├── ansi@0.3.1
94 silly idealTree ├── are-we-there-yet@1.1.2
94 silly idealTree ├── array-index@1.0.0
94 silly idealTree ├── asn1@0.2.3
94 silly idealTree ├── assert-plus@0.2.0
94 silly idealTree ├── async@1.5.2
94 silly idealTree ├── aws-sign2@0.6.0
94 silly idealTree ├── aws4@1.4.1
94 silly idealTree ├── balanced-match@0.4.1
94 silly idealTree ├── bcrypt@0.8.6
94 silly idealTree ├── bignumber.js@2.1.4
94 silly idealTree ├── bindings@1.2.1
94 silly idealTree ├─┬ bl@1.1.2
94 silly idealTree │ ├── isarray@1.0.0
94 silly idealTree │ └── readable-stream@2.0.6
94 silly idealTree ├── block-stream@0.0.9
94 silly idealTree ├── boom@2.10.1
94 silly idealTree ├── brace-expansion@1.1.4
94 silly idealTree ├── caseless@0.11.0
94 silly idealTree ├── chalk@1.1.3
94 silly idealTree ├── combined-stream@1.0.5
94 silly idealTree ├── commander@2.9.0
94 silly idealTree ├── concat-map@0.0.1
94 silly idealTree ├── core-util-is@1.0.2
94 silly idealTree ├── cryptiles@2.0.5
94 silly idealTree ├── d@0.1.1
94 silly idealTree ├─┬ dashdash@1.13.1
94 silly idealTree │ └── assert-plus@1.0.0
94 silly idealTree ├── debug@2.2.0
94 silly idealTree ├── delayed-stream@1.0.0
94 silly idealTree ├── delegates@1.0.0
94 silly idealTree ├── ecc-jsbn@0.1.1
94 silly idealTree ├── es5-ext@0.10.11
94 silly idealTree ├── es6-iterator@2.0.0
94 silly idealTree ├── es6-symbol@3.0.2
94 silly idealTree ├── escape-string-regexp@1.0.5
94 silly idealTree ├── extend@3.0.0
94 silly idealTree ├── extsprintf@1.0.2
94 silly idealTree ├── forever-agent@0.6.1
94 silly idealTree ├── form-data@1.0.0-rc4
94 silly idealTree ├── fstream@1.0.9
94 silly idealTree ├── gauge@1.2.7
94 silly idealTree ├── generate-function@2.0.0
94 silly idealTree ├── generate-object-property@1.2.0
94 silly idealTree ├─┬ getpass@0.1.6
94 silly idealTree │ └── assert-plus@1.0.0
94 silly idealTree ├─┬ glob@4.5.3
94 silly idealTree │ └── minimatch@2.0.10
94 silly idealTree ├── graceful-fs@4.1.4
94 silly idealTree ├── graceful-readlink@1.0.1
94 silly idealTree ├── har-validator@2.0.6
94 silly idealTree ├── has-ansi@2.0.0
94 silly idealTree ├── has-unicode@2.0.0
94 silly idealTree ├── hawk@3.1.3
94 silly idealTree ├── hoek@2.16.3
94 silly idealTree ├── http-signature@1.1.1
94 silly idealTree ├── inflight@1.0.5
94 silly idealTree ├── inherits@2.0.1
94 silly idealTree ├── is-my-json-valid@2.13.1
94 silly idealTree ├── is-property@1.0.2
94 silly idealTree ├── is-typedarray@1.0.0
94 silly idealTree ├── isarray@0.0.1
94 silly idealTree ├── isexe@1.1.2
94 silly idealTree ├── isstream@0.1.2
94 silly idealTree ├── jodid25519@1.0.2
94 silly idealTree ├── jsbn@0.1.0
94 silly idealTree ├── json-schema@0.2.2
94 silly idealTree ├── json-stringify-safe@5.0.1
94 silly idealTree ├── jsonpointer@2.0.0
94 silly idealTree ├── jsprim@1.2.2
94 silly idealTree ├── lodash._baseslice@4.0.0
94 silly idealTree ├── lodash._basetostring@4.12.0
94 silly idealTree ├── lodash.pad@4.4.0
94 silly idealTree ├── lodash.padend@4.5.0
94 silly idealTree ├── lodash.padstart@4.5.0
94 silly idealTree ├── lodash.tostring@4.1.3
94 silly idealTree ├── lru-cache@2.7.3
94 silly idealTree ├── mime-db@1.23.0
94 silly idealTree ├── mime-types@2.1.11
94 silly idealTree ├── minimatch@1.0.0
94 silly idealTree ├── minimist@0.0.8
94 silly idealTree ├── mkdirp@0.5.1
94 silly idealTree ├── ms@0.7.1
94 silly idealTree ├─┬ mysql-libmysqlclient@1.6.0
94 silly idealTree │ └── nan@0.8.0
94 silly idealTree ├── mysql@2.10.2
94 silly idealTree ├── nan@2.2.1
94 silly idealTree ├── node-gyp@3.3.1
94 silly idealTree ├─┬ node-static@0.7.7
94 silly idealTree │ ├── colors@1.1.2
94 silly idealTree │ ├── mime@1.3.4
94 silly idealTree │ └─┬ optimist@0.6.1
94 silly idealTree │   ├── minimist@0.0.10
94 silly idealTree │   └── wordwrap@0.0.3
94 silly idealTree ├── node-uuid@1.4.7
94 silly idealTree ├── node@0.0.0
94 silly idealTree ├── nopt@3.0.6
94 silly idealTree ├── npmlog@2.0.4
94 silly idealTree ├── oauth-sign@0.8.2
94 silly idealTree ├── once@1.3.3
94 silly idealTree ├── optimist@0.3.7
94 silly idealTree ├── os-homedir@1.0.1
94 silly idealTree ├── os-tmpdir@1.0.1
94 silly idealTree ├── osenv@0.1.3
94 silly idealTree ├── path-array@1.0.1
94 silly idealTree ├── path-is-absolute@1.0.0
94 silly idealTree ├── pinkie-promise@2.0.1
94 silly idealTree ├── pinkie@2.0.4
94 silly idealTree ├── process-nextick-args@1.0.7
94 silly idealTree ├── qs@6.1.0
94 silly idealTree ├── readable-stream@1.1.14
94 silly idealTree ├── rebuild@0.1.2
94 silly idealTree ├── request@2.72.0
94 silly idealTree ├─┬ rimraf@2.5.2
94 silly idealTree │ ├── glob@7.0.3
94 silly idealTree │ └── minimatch@3.0.0
94 silly idealTree ├── semver@5.1.0
94 silly idealTree ├── sigmund@1.0.1
94 silly idealTree ├── sntp@1.0.9
94 silly idealTree ├─┬ sshpk@1.8.3
94 silly idealTree │ └── assert-plus@1.0.0
94 silly idealTree ├── string_decoder@0.10.31
94 silly idealTree ├── stringstream@0.0.5
94 silly idealTree ├── strip-ansi@3.0.1
94 silly idealTree ├── supports-color@2.0.0
94 silly idealTree ├── tar@2.2.1
94 silly idealTree ├── tough-cookie@2.2.2
94 silly idealTree ├── tunnel-agent@0.4.3
94 silly idealTree ├── tweetnacl@0.13.3
94 silly idealTree ├── util-deprecate@1.0.2
94 silly idealTree ├── verror@1.3.6
94 silly idealTree ├── which@1.2.9
94 silly idealTree ├── wordwrap@0.0.3
94 silly idealTree ├── wrappy@1.0.2
94 silly idealTree ├─┬ ws@1.1.0
94 silly idealTree │ ├── options@0.0.6
94 silly idealTree │ └── ultron@1.0.2
94 silly idealTree └── xtend@4.0.1
95 silly generateActionsToTake Starting
96 silly install generateActionsToTake
97 silly generateActionsToTake Finishing
98 silly diffTrees action count 6
99 silly diffTrees add nan@0.8.0
100 silly diffTrees update bcrypt@0.8.6
101 silly diffTrees update mysql@2.10.2
102 silly diffTrees add mysql-libmysqlclient@1.6.0
103 silly diffTrees update node-gyp@3.3.1
104 silly diffTrees update rebuild@0.1.2
105 silly decomposeActions action count 48
106 silly decomposeActions fetch nan@0.8.0
107 silly decomposeActions extract nan@0.8.0
108 silly decomposeActions test nan@0.8.0
109 silly decomposeActions preinstall nan@0.8.0
110 silly decomposeActions build nan@0.8.0
111 silly decomposeActions install nan@0.8.0
112 silly decomposeActions postinstall nan@0.8.0
113 silly decomposeActions finalize nan@0.8.0
114 silly decomposeActions fetch bcrypt@0.8.6
115 silly decomposeActions extract bcrypt@0.8.6
116 silly decomposeActions test bcrypt@0.8.6
117 silly decomposeActions preinstall bcrypt@0.8.6
118 silly decomposeActions build bcrypt@0.8.6
119 silly decomposeActions install bcrypt@0.8.6
120 silly decomposeActions postinstall bcrypt@0.8.6
121 silly decomposeActions finalize bcrypt@0.8.6
122 silly decomposeActions fetch mysql@2.10.2
123 silly decomposeActions extract mysql@2.10.2
124 silly decomposeActions test mysql@2.10.2
125 silly decomposeActions preinstall mysql@2.10.2
126 silly decomposeActions build mysql@2.10.2
127 silly decomposeActions install mysql@2.10.2
128 silly decomposeActions postinstall mysql@2.10.2
129 silly decomposeActions finalize mysql@2.10.2
130 silly decomposeActions fetch mysql-libmysqlclient@1.6.0
131 silly decomposeActions extract mysql-libmysqlclient@1.6.0
132 silly decomposeActions test mysql-libmysqlclient@1.6.0
133 silly decomposeActions preinstall mysql-libmysqlclient@1.6.0
134 silly decomposeActions build mysql-libmysqlclient@1.6.0
135 silly decomposeActions install mysql-libmysqlclient@1.6.0
136 silly decomposeActions postinstall mysql-libmysqlclient@1.6.0
137 silly decomposeActions finalize mysql-libmysqlclient@1.6.0
138 silly decomposeActions fetch node-gyp@3.3.1
139 silly decomposeActions extract node-gyp@3.3.1
140 silly decomposeActions test node-gyp@3.3.1
141 silly decomposeActions preinstall node-gyp@3.3.1
142 silly decomposeActions build node-gyp@3.3.1
143 silly decomposeActions install node-gyp@3.3.1
144 silly decomposeActions postinstall node-gyp@3.3.1
145 silly decomposeActions finalize node-gyp@3.3.1
146 silly decomposeActions fetch rebuild@0.1.2
147 silly decomposeActions extract rebuild@0.1.2
148 silly decomposeActions test rebuild@0.1.2
149 silly decomposeActions preinstall rebuild@0.1.2
150 silly decomposeActions build rebuild@0.1.2
151 silly decomposeActions install rebuild@0.1.2
152 silly decomposeActions postinstall rebuild@0.1.2
153 silly decomposeActions finalize rebuild@0.1.2
154 silly executeActions Starting
155 silly install executeActions
156 silly doSerial global-install 0
157 silly doParallel fetch 6
158 verbose lock using /home/de7aster/.npm/_locks/staging-0fb47b9c1692ab09.lock for /home/de7aster/Dropbox/Папка рабочей группы Гандоны/chat/node_modules/.staging
159 silly doParallel extract 6
160 silly extract nan@0.8.0
161 silly extract bcrypt@0.8.6
162 silly extract mysql@2.10.2
163 silly extract mysql-libmysqlclient@1.6.0
164 silly extract node-gyp@3.3.1
165 silly extract rebuild@0.1.2
166 verbose unbuild node_modules/.staging/nan-b65cd38e
167 verbose unbuild node_modules/.staging/bcrypt-63545818
168 verbose unbuild node_modules/.staging/mysql-9fe0f3ff
169 verbose unbuild node_modules/.staging/mysql-libmysqlclient-eecbb3ae
170 verbose unbuild node_modules/.staging/node-gyp-9d09c2d5
171 verbose unbuild node_modules/.staging/rebuild-3d876a0d
172 silly gentlyRm /home/de7aster/Dropbox/Папка рабочей группы Гандоны/chat/node_modules/.staging/nan-b65cd38e is being purged from base /home/de7aster/Dropbox/Папка рабочей группы Гандоны/chat
173 verbose gentlyRm don't care about contents; nuking /home/de7aster/Dropbox/Папка рабочей группы Гандоны/chat/node_modules/.staging/nan-b65cd38e
174 silly gentlyRm /home/de7aster/Dropbox/Папка рабочей группы Гандоны/chat/node_modules/.staging/bcrypt-63545818 is being purged from base /home/de7aster/Dropbox/Папка рабочей группы Гандоны/chat
175 verbose gentlyRm don't care about contents; nuking /home/de7aster/Dropbox/Папка рабочей группы Гандоны/chat/node_modules/.staging/bcrypt-63545818
176 silly gentlyRm /home/de7aster/Dropbox/Папка рабочей группы Гандоны/chat/node_modules/.staging/mysql-9fe0f3ff is being purged from base /home/de7aster/Dropbox/Папка рабочей группы Гандоны/chat
177 verbose gentlyRm don't care about contents; nuking /home/de7aster/Dropbox/Папка рабочей группы Гандоны/chat/node_modules/.staging/mysql-9fe0f3ff
178 silly gentlyRm /home/de7aster/Dropbox/Папка рабочей группы Гандоны/chat/node_modules/.staging/mysql-libmysqlclient-eecbb3ae is being purged from base /home/de7aster/Dropbox/Папка рабочей группы Гандоны/chat
179 verbose gentlyRm don't care about contents; nuking /home/de7aster/Dropbox/Папка рабочей группы Гандоны/chat/node_modules/.staging/mysql-libmysqlclient-eecbb3ae
180 verbose tar unpack /home/de7aster/.npm/nan/0.8.0/package.tgz
181 verbose tar unpacking to /home/de7aster/Dropbox/Папка рабочей группы Гандоны/chat/node_modules/.staging/nan-b65cd38e
182 silly gentlyRm /home/de7aster/Dropbox/Папка рабочей группы Гандоны/chat/node_modules/.staging/nan-b65cd38e is being purged
183 verbose gentlyRm don't care about contents; nuking /home/de7aster/Dropbox/Папка рабочей группы Гандоны/chat/node_modules/.staging/nan-b65cd38e
184 verbose tar unpack /home/de7aster/.npm/bcrypt/0.8.6/package.tgz
185 verbose tar unpacking to /home/de7aster/Dropbox/Папка рабочей группы Гандоны/chat/node_modules/.staging/bcrypt-63545818
186 silly gentlyRm /home/de7aster/Dropbox/Папка рабочей группы Гандоны/chat/node_modules/.staging/bcrypt-63545818 is being purged
187 verbose gentlyRm don't care about contents; nuking /home/de7aster/Dropbox/Папка рабочей группы Гандоны/chat/node_modules/.staging/bcrypt-63545818
188 verbose tar unpack /home/de7aster/.npm/mysql/2.10.2/package.tgz
189 verbose tar unpacking to /home/de7aster/Dropbox/Папка рабочей группы Гандоны/chat/node_modules/.staging/mysql-9fe0f3ff
190 silly gentlyRm /home/de7aster/Dropbox/Папка рабочей группы Гандоны/chat/node_modules/.staging/mysql-9fe0f3ff is being purged
191 verbose gentlyRm don't care about contents; nuking /home/de7aster/Dropbox/Папка рабочей группы Гандоны/chat/node_modules/.staging/mysql-9fe0f3ff
192 verbose tar unpack /home/de7aster/.npm/mysql-libmysqlclient/1.6.0/package.tgz
193 verbose tar unpacking to /home/de7aster/Dropbox/Папка рабочей группы Гандоны/chat/node_modules/.staging/mysql-libmysqlclient-eecbb3ae
194 silly gentlyRm /home/de7aster/Dropbox/Папка рабочей группы Гандоны/chat/node_modules/.staging/mysql-libmysqlclient-eecbb3ae is being purged
195 verbose gentlyRm don't care about contents; nuking /home/de7aster/Dropbox/Папка рабочей группы Гандоны/chat/node_modules/.staging/mysql-libmysqlclient-eecbb3ae
196 silly gentlyRm /home/de7aster/Dropbox/Папка рабочей группы Гандоны/chat/node_modules/.staging/node-gyp-9d09c2d5 is being purged from base /home/de7aster/Dropbox/Папка рабочей группы Гандоны/chat
197 verbose gentlyRm don't care about contents; nuking /home/de7aster/Dropbox/Папка рабочей группы Гандоны/chat/node_modules/.staging/node-gyp-9d09c2d5
198 silly gentlyRm /home/de7aster/Dropbox/Папка рабочей группы Гандоны/chat/node_modules/.staging/rebuild-3d876a0d is being purged from base /home/de7aster/Dropbox/Папка рабочей группы Гандоны/chat
199 verbose gentlyRm don't care about contents; nuking /home/de7aster/Dropbox/Папка рабочей группы Гандоны/chat/node_modules/.staging/rebuild-3d876a0d
200 silly gunzTarPerm modes [ '755', '644' ]
201 silly gunzTarPerm modes [ '755', '644' ]
202 silly gunzTarPerm modes [ '755', '644' ]
203 silly gunzTarPerm modes [ '755', '644' ]
204 verbose tar unpack /home/de7aster/.npm/node-gyp/3.3.1/package.tgz
205 verbose tar unpacking to /home/de7aster/Dropbox/Папка рабочей группы Гандоны/chat/node_modules/.staging/node-gyp-9d09c2d5
206 silly gentlyRm /home/de7aster/Dropbox/Папка рабочей группы Гандоны/chat/node_modules/.staging/node-gyp-9d09c2d5 is being purged
207 verbose gentlyRm don't care about contents; nuking /home/de7aster/Dropbox/Папка рабочей группы Гандоны/chat/node_modules/.staging/node-gyp-9d09c2d5
208 verbose tar unpack /home/de7aster/.npm/rebuild/0.1.2/package.tgz
209 verbose tar unpacking to /home/de7aster/Dropbox/Папка рабочей группы Гандоны/chat/node_modules/.staging/rebuild-3d876a0d
210 silly gentlyRm /home/de7aster/Dropbox/Папка рабочей группы Гандоны/chat/node_modules/.staging/rebuild-3d876a0d is being purged
211 verbose gentlyRm don't care about contents; nuking /home/de7aster/Dropbox/Папка рабочей группы Гандоны/chat/node_modules/.staging/rebuild-3d876a0d
212 silly gunzTarPerm modes [ '755', '644' ]
213 silly gunzTarPerm modes [ '755', '644' ]
214 silly gunzTarPerm extractEntry package.json
215 silly gunzTarPerm extractEntry package.json
216 silly gunzTarPerm extractEntry package.json
217 silly gunzTarPerm modified mode [ 'package.json', 438, 420 ]
218 silly gunzTarPerm extractEntry package.json
219 silly gunzTarPerm extractEntry package.json
220 silly gunzTarPerm modified mode [ 'package.json', 436, 420 ]
221 silly gunzTarPerm extractEntry package.json
222 silly gunzTarPerm modified mode [ 'package.json', 438, 420 ]
223 silly gunzTarPerm extractEntry README.md
224 silly gunzTarPerm extractEntry LICENSE
225 silly gunzTarPerm extractEntry include_dirs.js
226 silly gunzTarPerm extractEntry .dntrc
227 silly gunzTarPerm extractEntry build/config.gypi
228 silly gunzTarPerm extractEntry nan.h
229 silly gunzTarPerm extractEntry .npmignore
230 silly gunzTarPerm extractEntry README.md
231 silly gunzTarPerm extractEntry index.js
232 silly gunzTarPerm modified mode [ 'index.js', 438, 420 ]
233 silly gunzTarPerm extractEntry Changes.md
234 silly gunzTarPerm modified mode [ 'Changes.md', 438, 420 ]
235 silly gunzTarPerm extractEntry .npmignore
236 silly gunzTarPerm extractEntry LICENSE
237 silly gunzTarPerm extractEntry .npmignore
238 silly gunzTarPerm modified mode [ '.npmignore', 438, 420 ]
239 silly gunzTarPerm extractEntry README.md
240 silly gunzTarPerm modified mode [ 'README.md', 438, 420 ]
241 silly gunzTarPerm extractEntry .npmignore
242 silly gunzTarPerm modified mode [ '.npmignore', 436, 420 ]
243 silly gunzTarPerm extractEntry README.md
244 silly gunzTarPerm modified mode [ 'README.md', 436, 420 ]
245 silly gunzTarPerm extractEntry LICENSE
246 silly gunzTarPerm extractEntry bcrypt.js
247 silly gunzTarPerm extractEntry Makefile
248 silly gunzTarPerm extractEntry .travis.yml
249 silly gunzTarPerm extractEntry CHANGELOG.md
250 silly gunzTarPerm extractEntry binding.gyp
251 silly gunzTarPerm extractEntry examples/async_compare.js
252 silly gunzTarPerm extractEntry examples/forever_gen_salt.js
253 silly gunzTarPerm extractEntry test/async.js
254 silly gunzTarPerm extractEntry test/repetitions.js
255 silly gunzTarPerm extractEntry test/sync.js
256 silly gunzTarPerm extractEntry src/bcrypt.cc
257 silly gunzTarPerm extractEntry src/bcrypt_node.cc
258 silly gunzTarPerm extractEntry src/blowfish.cc
259 silly gunzTarPerm extractEntry src/node_blf.h
260 silly gunzTarPerm extractEntry werker.yml
261 silly gunzTarPerm extractEntry License
262 silly gunzTarPerm modified mode [ 'License', 438, 420 ]
263 silly gunzTarPerm extractEntry binding.gyp
264 silly gunzTarPerm extractEntry CHANGELOG.markdown
265 silly gunzTarPerm extractEntry LICENSE
266 silly gunzTarPerm modified mode [ 'LICENSE', 436, 420 ]
267 silly gunzTarPerm extractEntry addon.gypi
268 silly gunzTarPerm modified mode [ 'addon.gypi', 436, 420 ]
269 silly gunzTarPerm extractEntry LICENSE
270 silly gunzTarPerm modified mode [ 'LICENSE', 438, 420 ]
271 silly gunzTarPerm extractEntry cli.js
272 silly gunzTarPerm modified mode [ 'cli.js', 438, 420 ]
273 silly gunzTarPerm extractEntry DEVELOPMENT.markdown
274 silly gunzTarPerm extractEntry Readme.md
275 silly gunzTarPerm modified mode [ 'Readme.md', 438, 420 ]
276 silly gunzTarPerm extractEntry lib/Connection.js
277 silly gunzTarPerm modified mode [ 'lib/Connection.js', 438, 420 ]
278 silly gunzTarPerm extractEntry CHANGELOG.md
279 silly gunzTarPerm modified mode [ 'CHANGELOG.md', 436, 420 ]
280 silly gunzTarPerm extractEntry .idea/misc.xml
281 silly gunzTarPerm extractEntry .idea/.name
282 silly gunzTarPerm extractEntry lib/ConnectionConfig.js
283 silly gunzTarPerm modified mode [ 'lib/ConnectionConfig.js', 438, 420 ]
284 silly gunzTarPerm extractEntry lib/Pool.js
285 silly gunzTarPerm modified mode [ 'lib/Pool.js', 438, 420 ]
286 silly gunzTarPerm extractEntry History.md
287 silly gunzTarPerm modified mode [ 'History.md', 436, 420 ]
288 silly gunzTarPerm extractEntry 0002-gyp-apply-https-codereview.chromium.org-11361103.patch
289 silly gunzTarPerm modified mode [ '0002-gyp-apply-https-codereview.chromium.org-11361103.patch',
289 silly gunzTarPerm   436,
289 silly gunzTarPerm   420 ]
290 silly gunzTarPerm extractEntry .idea/dictionaries/sannis.xml
291 silly gunzTarPerm extractEntry .idea/encodings.xml
292 silly gunzTarPerm extractEntry lib/PoolCluster.js
293 silly gunzTarPerm modified mode [ 'lib/PoolCluster.js', 438, 420 ]
294 silly gunzTarPerm extractEntry lib/PoolConfig.js
295 silly gunzTarPerm modified mode [ 'lib/PoolConfig.js', 438, 420 ]
296 silly gunzTarPerm extractEntry lib/PoolConnection.js
297 silly gunzTarPerm modified mode [ 'lib/PoolConnection.js', 438, 420 ]
298 silly gunzTarPerm extractEntry .jshintrc
299 silly gunzTarPerm modified mode [ '.jshintrc', 436, 420 ]
300 silly gunzTarPerm extractEntry 0003-gyp-don-t-use-links-at-all-just-copy-the-files-inste.patch
301 silly gunzTarPerm modified mode [ '0003-gyp-don-t-use-links-at-all-just-copy-the-files-inste.patch',
301 silly gunzTarPerm   436,
301 silly gunzTarPerm   420 ]
302 silly gunzTarPerm extractEntry lib/PoolNamespace.js
303 silly gunzTarPerm modified mode [ 'lib/PoolNamespace.js', 438, 420 ]
304 silly gunzTarPerm extractEntry lib/PoolSelector.js
305 silly gunzTarPerm modified mode [ 'lib/PoolSelector.js', 438, 420 ]
306 silly gunzTarPerm extractEntry .idea/jsLibraryMappings.xml
307 silly gunzTarPerm extractEntry .idea/libraries/Node_js_Dependencies_for_node_mysql_libmysqlclient.xml
308 silly gunzTarPerm extractEntry bin/node-gyp.js
309 silly gunzTarPerm modified mode [ 'bin/node-gyp.js', 509, 493 ]
310 silly gunzTarPerm extractEntry gyp/.npmignore
311 silly gunzTarPerm modified mode [ 'gyp/.npmignore', 436, 420 ]
312 silly gunzTarPerm extractEntry lib/protocol/Auth.js
313 silly gunzTarPerm modified mode [ 'lib/protocol/Auth.js', 438, 420 ]
314 silly gunzTarPerm extractEntry lib/protocol/PacketHeader.js
315 silly gunzTarPerm modified mode [ 'lib/protocol/PacketHeader.js', 438, 420 ]
316 silly gunzTarPerm extractEntry .idea/libraries/sass_stdlib.xml
317 silly gunzTarPerm extractEntry .idea/codeStyleSettings.xml
318 silly gunzTarPerm extractEntry gyp/LICENSE
319 silly gunzTarPerm modified mode [ 'gyp/LICENSE', 436, 420 ]
320 silly gunzTarPerm extractEntry gyp/DEPS
321 silly gunzTarPerm modified mode [ 'gyp/DEPS', 436, 420 ]
322 silly gentlyRm /home/de7aster/Dropbox/Папка рабочей группы Гандоны/chat/node_modules/.staging/rebuild-3d876a0d/node_modules is being purged
323 verbose gentlyRm don't care about contents; nuking /home/de7aster/Dropbox/Папка рабочей группы Гандоны/chat/node_modules/.staging/rebuild-3d876a0d/node_modules
324 silly gunzTarPerm extractEntry lib/protocol/PacketWriter.js
325 silly gunzTarPerm modified mode [ 'lib/protocol/PacketWriter.js', 438, 420 ]
326 silly gunzTarPerm extractEntry lib/protocol/Parser.js
327 silly gunzTarPerm modified mode [ 'lib/protocol/Parser.js', 438, 420 ]
328 silly gunzTarPerm extractEntry .idea/modules.xml
329 silly gunzTarPerm extractEntry .idea/node-mysql-libmysqlclient.iml
330 silly gunzTarPerm extractEntry gyp/tools/README
331 silly gunzTarPerm modified mode [ 'gyp/tools/README', 436, 420 ]
332 silly gunzTarPerm extractEntry gyp/tools/Xcode/README
333 silly gunzTarPerm modified mode [ 'gyp/tools/Xcode/README', 436, 420 ]
334 silly gunzTarPerm extractEntry lib/protocol/Protocol.js
335 silly gunzTarPerm modified mode [ 'lib/protocol/Protocol.js', 438, 420 ]
336 silly gunzTarPerm extractEntry lib/protocol/ResultSet.js
337 silly gunzTarPerm modified mode [ 'lib/protocol/ResultSet.js', 438, 420 ]
338 silly gunzTarPerm extractEntry .idea/scopes/scope_settings.xml
339 silly gunzTarPerm extractEntry .idea/vcs.xml
340 silly gunzTarPerm extractEntry gyp/tools/Xcode/Specifications/gyp.pbfilespec
341 silly gunzTarPerm modified mode [ 'gyp/tools/Xcode/Specifications/gyp.pbfilespec', 436, 420 ]
342 silly gunzTarPerm extractEntry gyp/tools/Xcode/Specifications/gyp.xclangspec
343 silly gunzTarPerm modified mode [ 'gyp/tools/Xcode/Specifications/gyp.xclangspec', 436, 420 ]
344 silly gunzTarPerm extractEntry lib/protocol/SqlString.js
345 silly gunzTarPerm modified mode [ 'lib/protocol/SqlString.js', 438, 420 ]
346 silly gunzTarPerm extractEntry lib/protocol/constants/charsets.js
347 silly gunzTarPerm modified mode [ 'lib/protocol/constants/charsets.js', 438, 420 ]
348 silly gunzTarPerm extractEntry .idea/workspace.xml
349 silly gunzTarPerm extractEntry Makefile
350 silly gentlyRm /home/de7aster/Dropbox/Папка рабочей группы Гандоны/chat/node_modules/.staging/nan-b65cd38e/node_modules is being purged
351 verbose gentlyRm don't care about contents; nuking /home/de7aster/Dropbox/Папка рабочей группы Гандоны/chat/node_modules/.staging/nan-b65cd38e/node_modules
352 silly gunzTarPerm extractEntry gyp/tools/emacs/README
353 silly gunzTarPerm modified mode [ 'gyp/tools/emacs/README', 436, 420 ]
354 silly gunzTarPerm extractEntry gyp/tools/emacs/gyp-tests.el
355 silly gunzTarPerm modified mode [ 'gyp/tools/emacs/gyp-tests.el', 436, 420 ]
356 silly gunzTarPerm extractEntry lib/protocol/constants/client.js
357 silly gunzTarPerm modified mode [ 'lib/protocol/constants/client.js', 438, 420 ]
358 silly gunzTarPerm extractEntry lib/protocol/constants/errors.js
359 silly gunzTarPerm modified mode [ 'lib/protocol/constants/errors.js', 438, 420 ]
360 silly gunzTarPerm extractEntry README.markdown
361 silly gunzTarPerm extractEntry .travis.yml
362 silly gunzTarPerm extractEntry gyp/tools/emacs/gyp.el
363 silly gunzTarPerm modified mode [ 'gyp/tools/emacs/gyp.el', 436, 420 ]
364 silly gunzTarPerm extractEntry gyp/tools/emacs/run-unit-tests.sh
365 silly gunzTarPerm modified mode [ 'gyp/tools/emacs/run-unit-tests.sh', 509, 493 ]
366 silly gunzTarPerm extractEntry build/Debug/.deps/Debug/mysql_bindings.node.d
367 silly gunzTarPerm extractEntry build/Debug/.deps/Debug/obj.target/mysql_bindings/src/mysql_bindings.o.d
368 silly gunzTarPerm extractEntry lib/protocol/constants/field_flags.js
369 silly gunzTarPerm modified mode [ 'lib/protocol/constants/field_flags.js', 438, 420 ]
370 silly gunzTarPerm extractEntry gyp/tools/emacs/testdata/media.gyp
371 silly gunzTarPerm modified mode [ 'gyp/tools/emacs/testdata/media.gyp', 436, 420 ]
372 silly gunzTarPerm extractEntry gyp/tools/emacs/testdata/media.gyp.fontified
373 silly gunzTarPerm modified mode [ 'gyp/tools/emacs/testdata/media.gyp.fontified', 436, 420 ]
374 silly gunzTarPerm extractEntry lib/protocol/constants/server_status.js
375 silly gunzTarPerm modified mode [ 'lib/protocol/constants/server_status.js', 438, 420 ]
376 silly gunzTarPerm extractEntry lib/protocol/constants/ssl_profiles.js
377 silly gunzTarPerm modified mode [ 'lib/protocol/constants/ssl_profiles.js', 438, 420 ]
378 silly gunzTarPerm extractEntry build/Debug/.deps/Debug/obj.target/mysql_bindings/src/mysql_bindings_connection.o.d
379 silly gunzTarPerm extractEntry build/Debug/.deps/Debug/obj.target/mysql_bindings/src/mysql_bindings_result.o.d
380 silly gunzTarPerm extractEntry gyp/tools/graphviz.py
381 silly gunzTarPerm modified mode [ 'gyp/tools/graphviz.py', 509, 493 ]
382 silly gunzTarPerm extractEntry gyp/tools/pretty_gyp.py
383 silly gunzTarPerm modified mode [ 'gyp/tools/pretty_gyp.py', 509, 493 ]
384 silly gunzTarPerm extractEntry build/Debug/.deps/Debug/obj.target/mysql_bindings/src/mysql_bindings_statement.o.d
385 silly gunzTarPerm extractEntry build/Debug/linker.lock
386 silly gunzTarPerm extractEntry lib/protocol/constants/types.js
387 silly gunzTarPerm modified mode [ 'lib/protocol/constants/types.js', 438, 420 ]
388 silly gunzTarPerm extractEntry gyp/tools/pretty_sln.py
389 silly gunzTarPerm modified mode [ 'gyp/tools/pretty_sln.py', 509, 493 ]
390 silly gunzTarPerm extractEntry gyp/tools/pretty_vcproj.py
391 silly gunzTarPerm modified mode [ 'gyp/tools/pretty_vcproj.py', 509, 493 ]
392 silly gunzTarPerm extractEntry build/Debug/mysql_bindings.node
393 silly gunzTarPerm extractEntry build/Debug/obj.target/mysql_bindings/src/mysql_bindings.o
394 silly gunzTarPerm extractEntry lib/protocol/packets/ClientAuthenticationPacket.js
395 silly gunzTarPerm modified mode [ 'lib/protocol/packets/ClientAuthenticationPacket.js',
395 silly gunzTarPerm   438,
395 silly gunzTarPerm   420 ]
396 silly gunzTarPerm extractEntry lib/protocol/packets/EofPacket.js
397 silly gunzTarPerm modified mode [ 'lib/protocol/packets/EofPacket.js', 438, 420 ]
398 silly gunzTarPerm extractEntry gyp/OWNERS
399 silly gunzTarPerm modified mode [ 'gyp/OWNERS', 436, 420 ]
400 silly gunzTarPerm extractEntry gyp/PRESUBMIT.py
401 silly gunzTarPerm modified mode [ 'gyp/PRESUBMIT.py', 436, 420 ]
402 silly gunzTarPerm extractEntry build/Debug/obj.target/mysql_bindings/src/mysql_bindings_connection.o
403 silly gunzTarPerm extractEntry lib/protocol/packets/ErrorPacket.js
404 silly gunzTarPerm modified mode [ 'lib/protocol/packets/ErrorPacket.js', 438, 420 ]
405 silly gunzTarPerm extractEntry lib/protocol/packets/Field.js
406 silly gunzTarPerm modified mode [ 'lib/protocol/packets/Field.js', 438, 420 ]
407 silly gunzTarPerm extractEntry gyp/buildbot/aosp_manifest.xml
408 silly gunzTarPerm modified mode [ 'gyp/buildbot/aosp_manifest.xml', 436, 420 ]
409 silly gunzTarPerm extractEntry gyp/buildbot/buildbot_run.py
410 silly gunzTarPerm modified mode [ 'gyp/buildbot/buildbot_run.py', 509, 493 ]
411 silly gunzTarPerm extractEntry build/Debug/obj.target/mysql_bindings/src/mysql_bindings_result.o
412 silly gunzTarPerm extractEntry lib/protocol/packets/EmptyPacket.js
413 silly gunzTarPerm modified mode [ 'lib/protocol/packets/EmptyPacket.js', 438, 420 ]
414 silly gunzTarPerm extractEntry lib/protocol/packets/HandshakeInitializationPacket.js
415 silly gunzTarPerm modified mode [ 'lib/protocol/packets/HandshakeInitializationPacket.js',
415 silly gunzTarPerm   438,
415 silly gunzTarPerm   420 ]
416 silly gunzTarPerm extractEntry gyp/buildbot/commit_queue/README
417 silly gunzTarPerm modified mode [ 'gyp/buildbot/commit_queue/README', 436, 420 ]
418 silly gunzTarPerm extractEntry gyp/buildbot/commit_queue/OWNERS
419 silly gunzTarPerm modified mode [ 'gyp/buildbot/commit_queue/OWNERS', 436, 420 ]
420 silly gunzTarPerm extractEntry lib/protocol/packets/LocalDataFilePacket.js
421 silly gunzTarPerm modified mode [ 'lib/protocol/packets/LocalDataFilePacket.js', 438, 420 ]
422 silly gunzTarPerm extractEntry lib/protocol/packets/OkPacket.js
423 silly gunzTarPerm modified mode [ 'lib/protocol/packets/OkPacket.js', 438, 420 ]
424 silly gunzTarPerm extractEntry build/Debug/obj.target/mysql_bindings/src/mysql_bindings_statement.o
425 silly gunzTarPerm extractEntry gyp/buildbot/commit_queue/cq_config.json
426 silly gunzTarPerm modified mode [ 'gyp/buildbot/commit_queue/cq_config.json', 436, 420 ]
427 silly gunzTarPerm extractEntry gyp/codereview.settings
428 silly gunzTarPerm modified mode [ 'gyp/codereview.settings', 436, 420 ]
429 silly gunzTarPerm extractEntry lib/protocol/packets/OldPasswordPacket.js
430 silly gunzTarPerm modified mode [ 'lib/protocol/packets/OldPasswordPacket.js', 438, 420 ]
431 silly gunzTarPerm extractEntry lib/protocol/packets/ResultSetHeaderPacket.js
432 silly gunzTarPerm modified mode [ 'lib/protocol/packets/ResultSetHeaderPacket.js', 438, 420 ]
433 silly gunzTarPerm extractEntry gyp/AUTHORS
434 silly gunzTarPerm modified mode [ 'gyp/AUTHORS', 436, 420 ]
435 silly gunzTarPerm extractEntry gyp/gyp
436 silly gunzTarPerm modified mode [ 'gyp/gyp', 509, 493 ]
437 silly gunzTarPerm extractEntry lib/protocol/packets/ComStatisticsPacket.js
438 silly gunzTarPerm modified mode [ 'lib/protocol/packets/ComStatisticsPacket.js', 438, 420 ]
439 silly gunzTarPerm extractEntry lib/protocol/packets/RowDataPacket.js
440 silly gunzTarPerm modified mode [ 'lib/protocol/packets/RowDataPacket.js', 438, 420 ]
441 silly gunzTarPerm extractEntry build/Makefile
442 silly gunzTarPerm extractEntry gyp/gyp.bat
443 silly gunzTarPerm modified mode [ 'gyp/gyp.bat', 509, 493 ]
444 silly gunzTarPerm extractEntry gyp/gyp_main.py
445 silly gunzTarPerm modified mode [ 'gyp/gyp_main.py', 509, 493 ]
446 silly gunzTarPerm extractEntry build/binding.Makefile
447 silly gunzTarPerm extractEntry lib/protocol/packets/ComQuitPacket.js
448 silly gunzTarPerm modified mode [ 'lib/protocol/packets/ComQuitPacket.js', 438, 420 ]
449 silly gunzTarPerm extractEntry lib/protocol/packets/SSLRequestPacket.js
450 silly gunzTarPerm modified mode [ 'lib/protocol/packets/SSLRequestPacket.js', 438, 420 ]
451 silly gentlyRm /home/de7aster/Dropbox/Папка рабочей группы Гандоны/chat/node_modules/.staging/bcrypt-63545818/node_modules is being purged
452 verbose gentlyRm don't care about contents; nuking /home/de7aster/Dropbox/Папка рабочей группы Гандоны/chat/node_modules/.staging/bcrypt-63545818/node_modules
453 silly gunzTarPerm extractEntry build/config.gypi
454 silly gunzTarPerm extractEntry build/gyp-mac-tool
455 silly gunzTarPerm extractEntry lib/protocol/packets/ComQueryPacket.js
456 silly gunzTarPerm modified mode [ 'lib/protocol/packets/ComQueryPacket.js', 438, 420 ]
457 silly gunzTarPerm extractEntry lib/protocol/packets/StatisticsPacket.js
458 silly gunzTarPerm modified mode [ 'lib/protocol/packets/StatisticsPacket.js', 438, 420 ]
459 silly gunzTarPerm extractEntry gyp/gyptest.py
460 silly gunzTarPerm modified mode [ 'gyp/gyptest.py', 509, 493 ]
461 silly gunzTarPerm extractEntry gyp/pylib/gyp/flock_tool.py
462 silly gunzTarPerm modified mode [ 'gyp/pylib/gyp/flock_tool.py', 509, 493 ]
463 silly gunzTarPerm extractEntry gyp/pylib/gyp/MSVSNew.py
464 silly gunzTarPerm modified mode [ 'gyp/pylib/gyp/MSVSNew.py', 436, 420 ]
465 silly gunzTarPerm extractEntry gyp/pylib/gyp/MSVSSettings.py
466 silly gunzTarPerm modified mode [ 'gyp/pylib/gyp/MSVSSettings.py', 436, 420 ]
467 silly gunzTarPerm extractEntry lib/protocol/packets/ComPingPacket.js
468 silly gunzTarPerm modified mode [ 'lib/protocol/packets/ComPingPacket.js', 438, 420 ]
469 silly gunzTarPerm extractEntry lib/protocol/packets/UseOldPasswordPacket.js
470 silly gunzTarPerm modified mode [ 'lib/protocol/packets/UseOldPasswordPacket.js', 438, 420 ]
471 silly gunzTarPerm extractEntry build/mysql_bindings.target.mk
472 silly gunzTarPerm extractEntry gh_pages.sh
473 silly gunzTarPerm extractEntry gyp/pylib/gyp/MSVSSettings_test.py
474 silly gunzTarPerm modified mode [ 'gyp/pylib/gyp/MSVSSettings_test.py', 509, 493 ]
475 silly gunzTarPerm extractEntry gyp/pylib/gyp/MSVSToolFile.py
476 silly gunzTarPerm modified mode [ 'gyp/pylib/gyp/MSVSToolFile.py', 436, 420 ]
477 silly gunzTarPerm extractEntry gyp/pylib/gyp/MSVSUserFile.py
478 silly gunzTarPerm modified mode [ 'gyp/pylib/gyp/MSVSUserFile.py', 436, 420 ]
479 silly gunzTarPerm extractEntry gyp/pylib/gyp/MSVSUtil.py
480 silly gunzTarPerm modified mode [ 'gyp/pylib/gyp/MSVSUtil.py', 436, 420 ]
481 silly gunzTarPerm extractEntry lib/protocol/packets/ComChangeUserPacket.js
482 silly gunzTarPerm modified mode [ 'lib/protocol/packets/ComChangeUserPacket.js', 438, 420 ]
483 silly gunzTarPerm extractEntry lib/protocol/packets/index.js
484 silly gunzTarPerm modified mode [ 'lib/protocol/packets/index.js', 438, 420 ]
485 silly gunzTarPerm extractEntry lib/protocol/packets/FieldPacket.js
486 silly gunzTarPerm modified mode [ 'lib/protocol/packets/FieldPacket.js', 438, 420 ]
487 silly gunzTarPerm extractEntry gyp/pylib/gyp/MSVSVersion.py
488 silly gunzTarPerm modified mode [ 'gyp/pylib/gyp/MSVSVersion.py', 436, 420 ]
489 silly gunzTarPerm extractEntry lib/protocol/sequences/ChangeUser.js
490 silly gunzTarPerm modified mode [ 'lib/protocol/sequences/ChangeUser.js', 438, 420 ]
491 silly gunzTarPerm extractEntry lib/protocol/sequences/Handshake.js
492 silly gunzTarPerm modified mode [ 'lib/protocol/sequences/Handshake.js', 438, 420 ]
493 silly gunzTarPerm extractEntry lib/protocol/sequences/Ping.js
494 silly gunzTarPerm modified mode [ 'lib/protocol/sequences/Ping.js', 438, 420 ]
495 silly gunzTarPerm extractEntry lib/protocol/sequences/Query.js
496 silly gunzTarPerm modified mode [ 'lib/protocol/sequences/Query.js', 438, 420 ]
497 silly gunzTarPerm extractEntry lib/protocol/sequences/Quit.js
498 silly gunzTarPerm modified mode [ 'lib/protocol/sequences/Quit.js', 438, 420 ]
499 silly gunzTarPerm extractEntry gyp/pylib/gyp/__init__.py
500 silly gunzTarPerm modified mode [ 'gyp/pylib/gyp/__init__.py', 509, 493 ]
501 silly gunzTarPerm extractEntry gyp/pylib/gyp/common.py
502 silly gunzTarPerm modified mode [ 'gyp/pylib/gyp/common.py', 436, 420 ]
503 silly gunzTarPerm extractEntry gyp/pylib/gyp/common_test.py
504 silly gunzTarPerm modified mode [ 'gyp/pylib/gyp/common_test.py', 509, 493 ]
505 silly gunzTarPerm extractEntry lib/protocol/sequences/Sequence.js
506 silly gunzTarPerm modified mode [ 'lib/protocol/sequences/Sequence.js', 438, 420 ]
507 silly gunzTarPerm extractEntry gyp/pylib/gyp/easy_xml.py
508 silly gunzTarPerm modified mode [ 'gyp/pylib/gyp/easy_xml.py', 436, 420 ]
509 silly gunzTarPerm extractEntry lib/protocol/sequences/Statistics.js
510 silly gunzTarPerm modified mode [ 'lib/protocol/sequences/Statistics.js', 438, 420 ]
511 silly gunzTarPerm extractEntry lib/mysql-libmysqlclient.js
512 silly gunzTarPerm extractEntry nodelint.conf
513 silly gunzTarPerm extractEntry npm-install-stamp
514 silly gunzTarPerm extractEntry AUTHORS
515 silly gunzTarPerm extractEntry src/mysql_bindings.cc
516 silly gunzTarPerm extractEntry src/mysql_bindings.h
517 silly gunzTarPerm extractEntry src/mysql_bindings_connection.cc
518 silly gunzTarPerm extractEntry src/mysql_bindings_connection.h
519 silly gunzTarPerm extractEntry src/mysql_bindings_result.cc
520 silly gunzTarPerm extractEntry src/mysql_bindings_result.h
521 silly gunzTarPerm extractEntry src/mysql_bindings_statement.cc
522 silly gunzTarPerm extractEntry src/mysql_bindings_statement.h
523 silly gunzTarPerm extractEntry tools/check-all-classes-methods-tests-exists.js
524 silly gunzTarPerm extractEntry tools/inspect-exported-classes-and-functions.js
525 silly gunzTarPerm extractEntry tools/memory-helper.js
526 silly gunzTarPerm extractEntry tools/memory-leaks-finder-repl.js
527 silly gunzTarPerm extractEntry tools/memory-usage-profile.js
528 silly gunzTarPerm extractEntry tools/memory-usage-profile.gle
529 silly gunzTarPerm extractEntry gyp/pylib/gyp/easy_xml_test.py
530 silly gunzTarPerm modified mode [ 'gyp/pylib/gyp/easy_xml_test.py', 509, 493 ]
531 silly gunzTarPerm extractEntry lib/protocol/sequences/index.js
532 silly gunzTarPerm modified mode [ 'lib/protocol/sequences/index.js', 438, 420 ]
533 silly gunzTarPerm extractEntry gyp/pylib/gyp/MSVSProject.py
534 silly gunzTarPerm modified mode [ 'gyp/pylib/gyp/MSVSProject.py', 436, 420 ]
535 silly gunzTarPerm extractEntry gyp/pylib/gyp/generator/gypsh.py
536 silly gunzTarPerm modified mode [ 'gyp/pylib/gyp/generator/gypsh.py', 436, 420 ]
537 silly gunzTarPerm extractEntry gyp/pylib/gyp/generator/__init__.py
538 silly gunzTarPerm modified mode [ 'gyp/pylib/gyp/generator/__init__.py', 436, 420 ]
539 silly gunzTarPerm extractEntry gyp/pylib/gyp/generator/android.py
540 silly gunzTarPerm modified mode [ 'gyp/pylib/gyp/generator/android.py', 436, 420 ]
541 silly gunzTarPerm extractEntry gyp/pylib/gyp/generator/cmake.py
542 silly gunzTarPerm modified mode [ 'gyp/pylib/gyp/generator/cmake.py', 436, 420 ]
543 silly gunzTarPerm extractEntry gyp/pylib/gyp/generator/dump_dependency_json.py
544 silly gunzTarPerm modified mode [ 'gyp/pylib/gyp/generator/dump_dependency_json.py', 436, 420 ]
545 silly gunzTarPerm extractEntry gyp/pylib/gyp/generator/eclipse.py
546 silly gunzTarPerm modified mode [ 'gyp/pylib/gyp/generator/eclipse.py', 436, 420 ]
547 silly gunzTarPerm extractEntry gyp/pylib/gyp/generator/gypd.py
548 silly gunzTarPerm modified mode [ 'gyp/pylib/gyp/generator/gypd.py', 436, 420 ]
549 silly gunzTarPerm extractEntry gyp/pylib/gyp/generator/analyzer.py
550 silly gunzTarPerm modified mode [ 'gyp/pylib/gyp/generator/analyzer.py', 436, 420 ]
551 silly gunzTarPerm extractEntry gyp/pylib/gyp/generator/make.py
552 silly gunzTarPerm modified mode [ 'gyp/pylib/gyp/generator/make.py', 436, 420 ]
553 silly gunzTarPerm extractEntry gyp/pylib/gyp/generator/msvs.py
554 silly gunzTarPerm modified mode [ 'gyp/pylib/gyp/generator/msvs.py', 436, 420 ]
555 silly gunzTarPerm extractEntry gyp/pylib/gyp/generator/msvs_test.py
556 silly gunzTarPerm modified mode [ 'gyp/pylib/gyp/generator/msvs_test.py', 509, 493 ]
557 silly gunzTarPerm extractEntry gyp/pylib/gyp/generator/ninja.py
558 silly gunzTarPerm modified mode [ 'gyp/pylib/gyp/generator/ninja.py', 436, 420 ]
559 silly gunzTarPerm extractEntry gyp/pylib/gyp/generator/ninja_test.py
560 silly gunzTarPerm modified mode [ 'gyp/pylib/gyp/generator/ninja_test.py', 436, 420 ]
561 silly gunzTarPerm extractEntry gyp/pylib/gyp/generator/xcode.py
562 silly gunzTarPerm modified mode [ 'gyp/pylib/gyp/generator/xcode.py', 436, 420 ]
563 silly gunzTarPerm extractEntry gyp/pylib/gyp/generator/xcode_test.py
564 silly gunzTarPerm modified mode [ 'gyp/pylib/gyp/generator/xcode_test.py', 436, 420 ]
565 silly gunzTarPerm extractEntry gyp/pylib/gyp/input.py
566 silly gunzTarPerm modified mode [ 'gyp/pylib/gyp/input.py', 436, 420 ]
567 silly gunzTarPerm extractEntry gyp/pylib/gyp/input_test.py
568 silly gunzTarPerm modified mode [ 'gyp/pylib/gyp/input_test.py', 509, 493 ]
569 silly gunzTarPerm extractEntry gyp/pylib/gyp/mac_tool.py
570 silly gunzTarPerm modified mode [ 'gyp/pylib/gyp/mac_tool.py', 509, 493 ]
571 silly gunzTarPerm extractEntry gyp/pylib/gyp/msvs_emulation.py
572 silly gunzTarPerm modified mode [ 'gyp/pylib/gyp/msvs_emulation.py', 436, 420 ]
573 silly gunzTarPerm extractEntry gyp/pylib/gyp/ninja_syntax.py
574 silly gunzTarPerm modified mode [ 'gyp/pylib/gyp/ninja_syntax.py', 436, 420 ]
575 silly gunzTarPerm extractEntry gyp/pylib/gyp/ordered_dict.py
576 silly gunzTarPerm modified mode [ 'gyp/pylib/gyp/ordered_dict.py', 436, 420 ]
577 silly gunzTarPerm extractEntry gyp/pylib/gyp/simple_copy.py
578 silly gunzTarPerm modified mode [ 'gyp/pylib/gyp/simple_copy.py', 436, 420 ]
579 silly gunzTarPerm extractEntry gyp/pylib/gyp/win_tool.py
580 silly gunzTarPerm modified mode [ 'gyp/pylib/gyp/win_tool.py', 509, 493 ]
581 silly gunzTarPerm extractEntry gyp/pylib/gyp/xcode_emulation.py
582 silly gunzTarPerm modified mode [ 'gyp/pylib/gyp/xcode_emulation.py', 436, 420 ]
583 silly gunzTarPerm extractEntry gyp/pylib/gyp/xcode_ninja.py
584 silly gunzTarPerm modified mode [ 'gyp/pylib/gyp/xcode_ninja.py', 436, 420 ]
585 silly gunzTarPerm extractEntry gyp/pylib/gyp/xcodeproj_file.py
586 silly gunzTarPerm modified mode [ 'gyp/pylib/gyp/xcodeproj_file.py', 436, 420 ]
587 silly gunzTarPerm extractEntry gyp/pylib/gyp/xml_fix.py
588 silly gunzTarPerm modified mode [ 'gyp/pylib/gyp/xml_fix.py', 436, 420 ]
589 silly gunzTarPerm extractEntry gyp/samples/samples
590 silly gunzTarPerm modified mode [ 'gyp/samples/samples', 509, 493 ]
591 silly gunzTarPerm extractEntry gyp/samples/samples.bat
592 silly gunzTarPerm modified mode [ 'gyp/samples/samples.bat', 436, 420 ]
593 silly gunzTarPerm extractEntry gyp/setup.py
594 silly gunzTarPerm modified mode [ 'gyp/setup.py', 509, 493 ]
595 silly gunzTarPerm extractEntry gyp/data/win/large-pdb-shim.cc
596 silly gunzTarPerm modified mode [ 'gyp/data/win/large-pdb-shim.cc', 436, 420 ]
597 silly gunzTarPerm extractEntry lib/build.js
598 silly gunzTarPerm modified mode [ 'lib/build.js', 436, 420 ]
599 silly gunzTarPerm extractEntry lib/clean.js
600 silly gunzTarPerm modified mode [ 'lib/clean.js', 436, 420 ]
601 silly gunzTarPerm extractEntry lib/configure.js
602 silly gunzTarPerm modified mode [ 'lib/configure.js', 436, 420 ]
603 silly gunzTarPerm extractEntry lib/find-node-directory.js
604 silly gunzTarPerm modified mode [ 'lib/find-node-directory.js', 436, 420 ]
605 silly gunzTarPerm extractEntry lib/install.js
606 silly gunzTarPerm modified mode [ 'lib/install.js', 436, 420 ]
607 silly gunzTarPerm extractEntry lib/list.js
608 silly gunzTarPerm modified mode [ 'lib/list.js', 436, 420 ]
609 silly gunzTarPerm extractEntry lib/node-gyp.js
610 silly gunzTarPerm modified mode [ 'lib/node-gyp.js', 436, 420 ]
611 silly gunzTarPerm extractEntry lib/process-release.js
612 silly gunzTarPerm modified mode [ 'lib/process-release.js', 436, 420 ]
613 silly gunzTarPerm extractEntry lib/rebuild.js
614 silly gunzTarPerm modified mode [ 'lib/rebuild.js', 436, 420 ]
615 silly gunzTarPerm extractEntry lib/remove.js
616 silly gunzTarPerm modified mode [ 'lib/remove.js', 436, 420 ]
617 silly gunzTarPerm extractEntry 0001-gyp-always-install-into-PRODUCT_DIR.patch
618 silly gunzTarPerm modified mode [ '0001-gyp-always-install-into-PRODUCT_DIR.patch', 436, 420 ]
619 silly gunzTarPerm extractEntry src/win_delay_load_hook.c
620 silly gunzTarPerm modified mode [ 'src/win_delay_load_hook.c', 436, 420 ]
621 silly gunzTarPerm extractEntry test/simple-proxy.js
622 silly gunzTarPerm modified mode [ 'test/simple-proxy.js', 436, 420 ]
623 silly gunzTarPerm extractEntry test/test-download.js
624 silly gunzTarPerm modified mode [ 'test/test-download.js', 436, 420 ]
625 silly gunzTarPerm extractEntry test/test-find-node-directory.js
626 silly gunzTarPerm modified mode [ 'test/test-find-node-directory.js', 436, 420 ]
627 silly gunzTarPerm extractEntry test/test-find-python.js
628 silly gunzTarPerm modified mode [ 'test/test-find-python.js', 436, 420 ]
629 silly gunzTarPerm extractEntry test/test-options.js
630 silly gunzTarPerm modified mode [ 'test/test-options.js', 436, 420 ]
631 silly gunzTarPerm extractEntry test/test-process-release.js
632 silly gunzTarPerm modified mode [ 'test/test-process-release.js', 436, 420 ]
633 silly gunzTarPerm extractEntry test/docker.sh
634 silly gunzTarPerm modified mode [ 'test/docker.sh', 509, 493 ]
635 silly gunzTarPerm extractEntry test/fixtures/ca-bundle.crt
636 silly gunzTarPerm modified mode [ 'test/fixtures/ca-bundle.crt', 436, 420 ]
637 silly gunzTarPerm extractEntry test/fixtures/ca.crt
638 silly gunzTarPerm modified mode [ 'test/fixtures/ca.crt', 436, 420 ]
639 silly gunzTarPerm extractEntry test/fixtures/server.crt
640 silly gunzTarPerm modified mode [ 'test/fixtures/server.crt', 436, 420 ]
641 silly gunzTarPerm extractEntry test/fixtures/server.key
642 silly gunzTarPerm modified mode [ 'test/fixtures/server.key', 436, 420 ]
643 silly gentlyRm /home/de7aster/Dropbox/Папка рабочей группы Гандоны/chat/node_modules/.staging/mysql-9fe0f3ff/node_modules is being purged
644 verbose gentlyRm don't care about contents; nuking /home/de7aster/Dropbox/Папка рабочей группы Гандоны/chat/node_modules/.staging/mysql-9fe0f3ff/node_modules
645 silly gentlyRm /home/de7aster/Dropbox/Папка рабочей группы Гандоны/chat/node_modules/.staging/mysql-libmysqlclient-eecbb3ae/node_modules is being purged
646 verbose gentlyRm don't care about contents; nuking /home/de7aster/Dropbox/Папка рабочей группы Гандоны/chat/node_modules/.staging/mysql-libmysqlclient-eecbb3ae/node_modules
647 silly gentlyRm /home/de7aster/Dropbox/Папка рабочей группы Гандоны/chat/node_modules/.staging/node-gyp-9d09c2d5/node_modules is being purged
648 verbose gentlyRm don't care about contents; nuking /home/de7aster/Dropbox/Папка рабочей группы Гандоны/chat/node_modules/.staging/node-gyp-9d09c2d5/node_modules
649 silly doParallel preinstall 6
650 silly preinstall nan@0.8.0 /home/de7aster/Dropbox/Папка рабочей группы Гандоны/chat/node_modules/.staging/nan-b65cd38e
651 info lifecycle nan@0.8.0~preinstall: nan@0.8.0
652 silly preinstall bcrypt@0.8.6 /home/de7aster/Dropbox/Папка рабочей группы Гандоны/chat/node_modules/.staging/bcrypt-63545818
653 info lifecycle bcrypt@0.8.6~preinstall: bcrypt@0.8.6
654 silly preinstall mysql@2.10.2 /home/de7aster/Dropbox/Папка рабочей группы Гандоны/chat/node_modules/.staging/mysql-9fe0f3ff
655 info lifecycle mysql@2.10.2~preinstall: mysql@2.10.2
656 silly preinstall mysql-libmysqlclient@1.6.0 /home/de7aster/Dropbox/Папка рабочей группы Гандоны/chat/node_modules/.staging/mysql-libmysqlclient-eecbb3ae
657 info lifecycle mysql-libmysqlclient@1.6.0~preinstall: mysql-libmysqlclient@1.6.0
658 silly preinstall node-gyp@3.3.1 /home/de7aster/Dropbox/Папка рабочей группы Гандоны/chat/node_modules/.staging/node-gyp-9d09c2d5
659 info lifecycle node-gyp@3.3.1~preinstall: node-gyp@3.3.1
660 silly preinstall rebuild@0.1.2 /home/de7aster/Dropbox/Папка рабочей группы Гандоны/chat/node_modules/.staging/rebuild-3d876a0d
661 info lifecycle rebuild@0.1.2~preinstall: rebuild@0.1.2
662 silly lifecycle nan@0.8.0~preinstall: no script for preinstall, continuing
663 silly lifecycle bcrypt@0.8.6~preinstall: no script for preinstall, continuing
664 silly lifecycle mysql@2.10.2~preinstall: no script for preinstall, continuing
665 silly lifecycle mysql-libmysqlclient@1.6.0~preinstall: no script for preinstall, continuing
666 silly lifecycle node-gyp@3.3.1~preinstall: no script for preinstall, continuing
667 silly lifecycle rebuild@0.1.2~preinstall: no script for preinstall, continuing
668 silly doReverseSerial remove 0
669 silly doSerial move 0
670 silly doSerial finalize 6
671 silly finalize /home/de7aster/Dropbox/Папка рабочей группы Гандоны/chat/node_modules/mysql-libmysqlclient/node_modules/nan
672 silly finalize /home/de7aster/Dropbox/Папка рабочей группы Гандоны/chat/node_modules/bcrypt
673 silly finalize /home/de7aster/Dropbox/Папка рабочей группы Гандоны/chat/node_modules/mysql
674 silly finalize /home/de7aster/Dropbox/Папка рабочей группы Гандоны/chat/node_modules/mysql-libmysqlclient
675 silly finalize /home/de7aster/Dropbox/Папка рабочей группы Гандоны/chat/node_modules/node-gyp
676 silly finalize /home/de7aster/Dropbox/Папка рабочей группы Гандоны/chat/node_modules/rebuild
677 silly doSerial build 6
678 silly build nan@0.8.0
679 info linkStuff nan@0.8.0
680 silly linkStuff nan@0.8.0 has /home/de7aster/Dropbox/Папка рабочей группы Гандоны/chat/node_modules/mysql-libmysqlclient/node_modules as its parent node_modules
681 verbose linkBins nan@0.8.0
682 verbose linkMans nan@0.8.0
683 silly build bcrypt@0.8.6
684 info linkStuff bcrypt@0.8.6
685 silly linkStuff bcrypt@0.8.6 has /home/de7aster/Dropbox/Папка рабочей группы Гандоны/chat/node_modules as its parent node_modules
686 verbose linkBins bcrypt@0.8.6
687 verbose linkMans bcrypt@0.8.6
688 silly build mysql@2.10.2
689 info linkStuff mysql@2.10.2
690 silly linkStuff mysql@2.10.2 has /home/de7aster/Dropbox/Папка рабочей группы Гандоны/chat/node_modules as its parent node_modules
691 verbose linkBins mysql@2.10.2
692 verbose linkMans mysql@2.10.2
693 silly build mysql-libmysqlclient@1.6.0
694 info linkStuff mysql-libmysqlclient@1.6.0
695 silly linkStuff mysql-libmysqlclient@1.6.0 has /home/de7aster/Dropbox/Папка рабочей группы Гандоны/chat/node_modules as its parent node_modules
696 verbose linkBins mysql-libmysqlclient@1.6.0
697 verbose linkMans mysql-libmysqlclient@1.6.0
698 silly build node-gyp@3.3.1
699 info linkStuff node-gyp@3.3.1
700 silly linkStuff node-gyp@3.3.1 has /home/de7aster/Dropbox/Папка рабочей группы Гандоны/chat/node_modules as its parent node_modules
701 verbose linkBins node-gyp@3.3.1
702 verbose link bins [ { 'node-gyp': './bin/node-gyp.js' },
702 verbose link bins   '/home/de7aster/Dropbox/Папка рабочей группы Гандоны/chat/node_modules/.bin',
702 verbose link bins   false ]
703 verbose linkMans node-gyp@3.3.1
704 silly build rebuild@0.1.2
705 info linkStuff rebuild@0.1.2
706 silly linkStuff rebuild@0.1.2 has /home/de7aster/Dropbox/Папка рабочей группы Гандоны/chat/node_modules as its parent node_modules
707 verbose linkBins rebuild@0.1.2
708 verbose link bins [ { rebuild: './cli.js' },
708 verbose link bins   '/home/de7aster/Dropbox/Папка рабочей группы Гандоны/chat/node_modules/.bin',
708 verbose link bins   false ]
709 verbose linkMans rebuild@0.1.2
710 silly doSerial global-link 0
711 silly doParallel update-linked 0
712 silly doSerial install 6
713 silly install nan@0.8.0 /home/de7aster/Dropbox/Папка рабочей группы Гандоны/chat/node_modules/.staging/nan-b65cd38e
714 info lifecycle nan@0.8.0~install: nan@0.8.0
715 silly lifecycle nan@0.8.0~install: no script for install, continuing
716 silly install bcrypt@0.8.6 /home/de7aster/Dropbox/Папка рабочей группы Гандоны/chat/node_modules/.staging/bcrypt-63545818
717 info lifecycle bcrypt@0.8.6~install: bcrypt@0.8.6
718 verbose lifecycle bcrypt@0.8.6~install: unsafe-perm in lifecycle false
719 verbose lifecycle bcrypt@0.8.6~install: PATH: /usr/share/npm/bin/node-gyp-bin:/home/de7aster/Dropbox/Папка рабочей группы Гандоны/chat/node_modules/bcrypt/node_modules/.bin:/home/de7aster/Dropbox/Папка рабочей группы Гандоны/chat/node_modules/.bin:/usr/local/sbin:/usr/local/bin:/usr/sbin:/usr/bin:/sbin:/bin
720 verbose lifecycle bcrypt@0.8.6~install: CWD: /home/de7aster/Dropbox/Папка рабочей группы Гандоны/chat/node_modules/bcrypt
721 silly lifecycle bcrypt@0.8.6~install: Args: [ '-c', 'node-gyp rebuild' ]
722 silly lifecycle bcrypt@0.8.6~install: Returned: code: 0  signal: null
723 silly install mysql@2.10.2 /home/de7aster/Dropbox/Папка рабочей группы Гандоны/chat/node_modules/.staging/mysql-9fe0f3ff
724 info lifecycle mysql@2.10.2~install: mysql@2.10.2
725 silly lifecycle mysql@2.10.2~install: no script for install, continuing
726 silly install mysql-libmysqlclient@1.6.0 /home/de7aster/Dropbox/Папка рабочей группы Гандоны/chat/node_modules/.staging/mysql-libmysqlclient-eecbb3ae
727 info lifecycle mysql-libmysqlclient@1.6.0~install: mysql-libmysqlclient@1.6.0
728 verbose lifecycle mysql-libmysqlclient@1.6.0~install: unsafe-perm in lifecycle false
729 verbose lifecycle mysql-libmysqlclient@1.6.0~install: PATH: /usr/share/npm/bin/node-gyp-bin:/home/de7aster/Dropbox/Папка рабочей группы Гандоны/chat/node_modules/mysql-libmysqlclient/node_modules/.bin:/home/de7aster/Dropbox/Папка рабочей группы Гандоны/chat/node_modules/.bin:/usr/local/sbin:/usr/local/bin:/usr/sbin:/usr/bin:/sbin:/bin
730 verbose lifecycle mysql-libmysqlclient@1.6.0~install: CWD: /home/de7aster/Dropbox/Папка рабочей группы Гандоны/chat/node_modules/mysql-libmysqlclient
731 silly lifecycle mysql-libmysqlclient@1.6.0~install: Args: [ '-c', 'node-gyp rebuild' ]
732 silly lifecycle mysql-libmysqlclient@1.6.0~install: Returned: code: 1  signal: null
733 info lifecycle mysql-libmysqlclient@1.6.0~install: Failed to exec install script
734 verbose unlock done using /home/de7aster/.npm/_locks/staging-0fb47b9c1692ab09.lock for /home/de7aster/Dropbox/Папка рабочей группы Гандоны/chat/node_modules/.staging
735 silly rollbackFailedOptional Starting
736 silly rollbackFailedOptional Finishing
737 silly runTopLevelLifecycles Starting
738 silly runTopLevelLifecycles Finishing
739 silly install printInstalled
740 warn Invalid version: "0.1"
741 warn chat No description
742 warn chat No repository field.
743 warn chat No README data
744 warn chat No license field.
745 verbose stack Error: mysql-libmysqlclient@1.6.0 install: `node-gyp rebuild`
745 verbose stack Exit status 1
745 verbose stack     at EventEmitter.<anonymous> (/usr/share/npm/lib/utils/lifecycle.js:232:16)
745 verbose stack     at emitTwo (events.js:87:13)
745 verbose stack     at EventEmitter.emit (events.js:172:7)
745 verbose stack     at ChildProcess.<anonymous> (/usr/share/npm/lib/utils/spawn.js:24:14)
745 verbose stack     at emitTwo (events.js:87:13)
745 verbose stack     at ChildProcess.emit (events.js:172:7)
745 verbose stack     at maybeClose (internal/child_process.js:821:16)
745 verbose stack     at Process.ChildProcess._handle.onexit (internal/child_process.js:211:5)
746 verbose pkgid mysql-libmysqlclient@1.6.0
747 verbose cwd /home/de7aster/Dropbox/Папка рабочей группы Гандоны/chat
748 error Linux 4.4.0-22-generic
749 error argv "/usr/bin/nodejs" "/usr/bin/npm" "install" "mysql-libmysqlclient"
750 error node v4.2.6
751 error npm  v3.5.2
752 error code ELIFECYCLE
753 error mysql-libmysqlclient@1.6.0 install: `node-gyp rebuild`
753 error Exit status 1
754 error Failed at the mysql-libmysqlclient@1.6.0 install script 'node-gyp rebuild'.
754 error Make sure you have the latest version of node.js and npm installed.
754 error If you do, this is most likely a problem with the mysql-libmysqlclient package,
754 error not with npm itself.
754 error Tell the author that this fails on your system:
754 error     node-gyp rebuild
754 error You can get information on how to open an issue for this project with:
754 error     npm bugs mysql-libmysqlclient
754 error Or if that isn't available, you can get their info via:
754 error     npm owner ls mysql-libmysqlclient
754 error There is likely additional logging output above.
755 verbose exit [ 1, true ]
